2026-07-11 21:05:09,614 WARNING tools.registry: check_fn _browser_cdp_check returned False; dependent tools will be unavailable this turn
2026-07-11 21:05:09,625 WARNING tools.registry: check_fn _browser_dialog_check returned False; dependent tools will be unavailable this turn
2026-07-11 21:05:09,990 WARNING agent.auxiliary_client: Auxiliary Nous client unavailable: no Nous authentication found (run: hermes auth).
2026-07-11 21:05:09,990 WARNING agent.auxiliary_client: Auxiliary: marking nous unhealthy for 60s (payment / credit error). Subsequent auxiliary calls will skip it until 21:06:09.
2026-07-11 21:05:10,015 WARNING agent.auxiliary_client: Auxiliary Nous client unavailable: no Nous authentication found (run: hermes auth).
2026-07-11 21:05:10,015 WARNING agent.auxiliary_client: Auxiliary: marking nous unhealthy for 60s (payment / credit error). Subsequent auxiliary calls will skip it until 21:06:10.
2026-07-11 21:05:10,015 WARNING tools.registry: check_fn check_browser_vision_requirements returned False; dependent tools will be unavailable this turn
2026-07-11 21:05:10,015 WARNING tools.registry: check_fn check_close_terminal_requirements returned False; dependent tools will be unavailable this turn
2026-07-11 21:05:10,026 WARNING tools.registry: check_fn check_computer_use_requirements returned False; dependent tools will be unavailable this turn
2026-07-11 21:05:10,130 WARNING tools.registry: check_fn _check_kanban_mode returned False; dependent tools will be unavailable this turn
2026-07-11 21:05:10,134 WARNING tools.registry: check_fn _check_kanban_orchestrator_mode returned False; dependent tools will be unavailable this turn
2026-07-11 21:05:10,135 WARNING tools.registry: check_fn check_read_terminal_requirements returned False; dependent tools will be unavailable this turn
2026-07-11 21:05:10,287 WARNING agent.auxiliary_client: Auxiliary Nous client unavailable: no Nous authentication found (run: hermes auth).
2026-07-11 21:05:10,288 WARNING agent.auxiliary_client: Auxiliary: marking nous unhealthy for 60s (payment / credit error). Subsequent auxiliary calls will skip it until 21:06:10.
2026-07-11 21:05:10,314 WARNING agent.auxiliary_client: Auxiliary Nous client unavailable: no Nous authentication found (run: hermes auth).
2026-07-11 21:05:10,314 WARNING agent.auxiliary_client: Auxiliary: marking nous unhealthy for 60s (payment / credit error). Subsequent auxiliary calls will skip it until 21:06:10.
2026-07-11 21:05:10,314 WARNING tools.registry: check_fn check_vision_requirements returned False; dependent tools will be unavailable this turn
2026-07-11 21:05:10,384 WARNING tools.registry: check_fn check_web_api_key returned False; dependent tools will be unavailable this turn
2026-07-11 21:05:10,472 WARNING tools.registry: check_fn check_discord_tool_requirements returned False; dependent tools will be unavailable this turn
2026-07-11 21:05:10,472 WARNING tools.registry: check_fn _check_feishu returned False; dependent tools will be unavailable this turn
2026-07-11 21:05:10,472 WARNING tools.registry: check_fn _check_feishu returned False; dependent tools will be unavailable this turn
2026-07-11 21:05:10,567 WARNING tools.registry: check_fn _check_yuanbao returned False; dependent tools will be unavailable this turn
2026-07-11 21:05:10,568 WARNING tools.registry: check_fn _check_ha_available returned False; dependent tools will be unavailable this turn
2026-07-11 21:05:10,568 WARNING tools.registry: check_fn _check_spotify_available returned False; dependent tools will be unavailable this turn
2026-07-11 21:05:10,591 WARNING tools.registry: check_fn check_video_generation_requirements returned False; dependent tools will be unavailable this turn
2026-07-11 21:05:10,596 WARNING tools.registry: check_fn _check_xai_video_requirements returned False; dependent tools will be unavailable this turn
2026-07-11 21:05:10,612 WARNING tools.registry: check_fn check_x_search_requirements returned False; dependent tools will be unavailable this turn
2026-07-11 21:08:27,109 WARNING tools.registry: check_fn _browser_cdp_check returned False; dependent tools will be unavailable this turn
2026-07-11 21:08:27,120 WARNING tools.registry: check_fn _browser_dialog_check returned False; dependent tools will be unavailable this turn
2026-07-11 21:08:27,150 WARNING agent.auxiliary_client: Auxiliary Nous client unavailable: no Nous authentication found (run: hermes auth).
2026-07-11 21:08:27,150 WARNING agent.auxiliary_client: Auxiliary: marking nous unhealthy for 60s (payment / credit error). Subsequent auxiliary calls will skip it until 21:09:27.
2026-07-11 21:08:27,171 WARNING agent.auxiliary_client: Auxiliary Nous client unavailable: no Nous authentication found (run: hermes auth).
2026-07-11 21:08:27,171 WARNING agent.auxiliary_client: Auxiliary: marking nous unhealthy for 60s (payment / credit error). Subsequent auxiliary calls will skip it until 21:09:27.
2026-07-11 21:08:27,171 WARNING tools.registry: check_fn check_browser_vision_requirements returned False; dependent tools will be unavailable this turn
2026-07-11 21:08:27,171 WARNING tools.registry: check_fn check_close_terminal_requirements returned False; dependent tools will be unavailable this turn
2026-07-11 21:08:27,172 WARNING tools.registry: check_fn check_computer_use_requirements returned False; dependent tools will be unavailable this turn
2026-07-11 21:08:27,279 WARNING tools.registry: check_fn _check_kanban_mode returned False; dependent tools will be unavailable this turn
2026-07-11 21:08:27,285 WARNING tools.registry: check_fn _check_kanban_orchestrator_mode returned False; dependent tools will be unavailable this turn
2026-07-11 21:08:27,285 WARNING tools.registry: check_fn check_read_terminal_requirements returned False; dependent tools will be unavailable this turn
2026-07-11 21:08:27,313 WARNING agent.auxiliary_client: Auxiliary Nous client unavailable: no Nous authentication found (run: hermes auth).
2026-07-11 21:08:27,313 WARNING agent.auxiliary_client: Auxiliary: marking nous unhealthy for 60s (payment / credit error). Subsequent auxiliary calls will skip it until 21:09:27.
2026-07-11 21:08:27,334 WARNING agent.auxiliary_client: Auxiliary Nous client unavailable: no Nous authentication found (run: hermes auth).
2026-07-11 21:08:27,334 WARNING agent.auxiliary_client: Auxiliary: marking nous unhealthy for 60s (payment / credit error). Subsequent auxiliary calls will skip it until 21:09:27.
2026-07-11 21:08:27,334 WARNING tools.registry: check_fn check_vision_requirements returned False; dependent tools will be unavailable this turn
2026-07-11 21:08:27,423 WARNING tools.registry: check_fn check_web_api_key returned False; dependent tools will be unavailable this turn
2026-07-11 21:09:02,046 WARNING tools.registry: check_fn _browser_cdp_check returned False; dependent tools will be unavailable this turn
2026-07-11 21:09:02,057 WARNING tools.registry: check_fn _browser_dialog_check returned False; dependent tools will be unavailable this turn
2026-07-11 21:09:02,085 WARNING agent.auxiliary_client: Auxiliary Nous client unavailable: no Nous authentication found (run: hermes auth).
2026-07-11 21:09:02,085 WARNING agent.auxiliary_client: Auxiliary: marking nous unhealthy for 60s (payment / credit error). Subsequent auxiliary calls will skip it until 21:10:02.
2026-07-11 21:09:02,106 WARNING agent.auxiliary_client: Auxiliary Nous client unavailable: no Nous authentication found (run: hermes auth).
2026-07-11 21:09:02,106 WARNING agent.auxiliary_client: Auxiliary: marking nous unhealthy for 60s (payment / credit error). Subsequent auxiliary calls will skip it until 21:10:02.
2026-07-11 21:09:02,106 WARNING tools.registry: check_fn check_browser_vision_requirements returned False; dependent tools will be unavailable this turn
2026-07-11 21:09:02,106 WARNING tools.registry: check_fn check_close_terminal_requirements returned False; dependent tools will be unavailable this turn
2026-07-11 21:09:02,107 WARNING tools.registry: check_fn check_computer_use_requirements returned False; dependent tools will be unavailable this turn
2026-07-11 21:09:02,212 WARNING tools.registry: check_fn _check_kanban_mode returned False; dependent tools will be unavailable this turn
2026-07-11 21:09:02,217 WARNING tools.registry: check_fn _check_kanban_orchestrator_mode returned False; dependent tools will be unavailable this turn
2026-07-11 21:09:02,217 WARNING tools.registry: check_fn check_read_terminal_requirements returned False; dependent tools will be unavailable this turn
2026-07-11 21:09:02,247 WARNING agent.auxiliary_client: Auxiliary Nous client unavailable: no Nous authentication found (run: hermes auth).
2026-07-11 21:09:02,247 WARNING agent.auxiliary_client: Auxiliary: marking nous unhealthy for 60s (payment / credit error). Subsequent auxiliary calls will skip it until 21:10:02.
2026-07-11 21:09:02,274 WARNING agent.auxiliary_client: Auxiliary Nous client unavailable: no Nous authentication found (run: hermes auth).
2026-07-11 21:09:02,274 WARNING agent.auxiliary_client: Auxiliary: marking nous unhealthy for 60s (payment / credit error). Subsequent auxiliary calls will skip it until 21:10:02.
2026-07-11 21:09:02,274 WARNING tools.registry: check_fn check_vision_requirements returned False; dependent tools will be unavailable this turn
2026-07-11 21:09:02,351 WARNING tools.registry: check_fn check_web_api_key returned False; dependent tools will be unavailable this turn
2026-07-11 21:25:11,801 WARNING tools.registry: check_fn _browser_cdp_check returned False; dependent tools will be unavailable this turn
2026-07-11 21:25:11,812 WARNING tools.registry: check_fn _browser_dialog_check returned False; dependent tools will be unavailable this turn
2026-07-11 21:25:11,925 WARNING agent.auxiliary_client: Auxiliary Nous client unavailable: no Nous authentication found (run: hermes auth).
2026-07-11 21:25:11,925 WARNING agent.auxiliary_client: Auxiliary: marking nous unhealthy for 60s (payment / credit error). Subsequent auxiliary calls will skip it until 21:26:11.
2026-07-11 21:25:11,954 WARNING agent.auxiliary_client: Auxiliary Nous client unavailable: no Nous authentication found (run: hermes auth).
2026-07-11 21:25:11,954 WARNING agent.auxiliary_client: Auxiliary: marking nous unhealthy for 60s (payment / credit error). Subsequent auxiliary calls will skip it until 21:26:11.
2026-07-11 21:25:11,954 WARNING tools.registry: check_fn check_browser_vision_requirements returned False; dependent tools will be unavailable this turn
2026-07-11 21:25:11,955 WARNING tools.registry: check_fn check_close_terminal_requirements returned False; dependent tools will be unavailable this turn
2026-07-11 21:25:11,966 WARNING tools.registry: check_fn check_computer_use_requirements returned False; dependent tools will be unavailable this turn
2026-07-11 21:25:12,079 WARNING tools.registry: check_fn _check_kanban_mode returned False; dependent tools will be unavailable this turn
2026-07-11 21:25:12,083 WARNING tools.registry: check_fn _check_kanban_orchestrator_mode returned False; dependent tools will be unavailable this turn
2026-07-11 21:25:12,083 WARNING tools.registry: check_fn check_read_terminal_requirements returned False; dependent tools will be unavailable this turn
2026-07-11 21:25:12,270 WARNING agent.auxiliary_client: Auxiliary Nous client unavailable: no Nous authentication found (run: hermes auth).
2026-07-11 21:25:12,270 WARNING agent.auxiliary_client: Auxiliary: marking nous unhealthy for 60s (payment / credit error). Subsequent auxiliary calls will skip it until 21:26:12.
2026-07-11 21:25:12,303 WARNING agent.auxiliary_client: Auxiliary Nous client unavailable: no Nous authentication found (run: hermes auth).
2026-07-11 21:25:12,303 WARNING agent.auxiliary_client: Auxiliary: marking nous unhealthy for 60s (payment / credit error). Subsequent auxiliary calls will skip it until 21:26:12.
2026-07-11 21:25:12,303 WARNING tools.registry: check_fn check_vision_requirements returned False; dependent tools will be unavailable this turn
2026-07-11 21:25:12,375 WARNING tools.registry: check_fn check_web_api_key returned False; dependent tools will be unavailable this turn
2026-07-11 21:25:12,393 WARNING tools.registry: check_fn check_discord_tool_requirements returned False; dependent tools will be unavailable this turn
2026-07-11 21:25:12,393 WARNING tools.registry: check_fn _check_feishu returned False; dependent tools will be unavailable this turn
2026-07-11 21:25:12,393 WARNING tools.registry: check_fn _check_feishu returned False; dependent tools will be unavailable this turn
2026-07-11 21:25:12,491 WARNING tools.registry: check_fn _check_yuanbao returned False; dependent tools will be unavailable this turn
2026-07-11 21:25:12,491 WARNING tools.registry: check_fn _check_ha_available returned False; dependent tools will be unavailable this turn
2026-07-11 21:25:12,492 WARNING tools.registry: check_fn _check_spotify_available returned False; dependent tools will be unavailable this turn
2026-07-11 21:25:12,516 WARNING tools.registry: check_fn check_video_generation_requirements returned False; dependent tools will be unavailable this turn
2026-07-11 21:25:12,523 WARNING tools.registry: check_fn _check_xai_video_requirements returned False; dependent tools will be unavailable this turn
2026-07-11 21:25:12,544 WARNING tools.registry: check_fn check_x_search_requirements returned False; dependent tools will be unavailable this turn
2026-07-11 21:29:28,495 WARNING [20260711_212510_86126f] agent.tool_executor: Tool mcp__linkup__linkup_fetch returned error (1.12s): {"error": "An error occurred while executing Linkup client: An error occurred while fetching the URL"}
2026-07-11 21:37:36,808 WARNING [20260711_212510_86126f] agent.tool_executor: Tool terminal returned error (0.14s): {"output": "/usr/bin/bash: line 3: hermes: command not found", "exit_code": 127, "error": null}
2026-07-11 21:38:47,091 WARNING [20260711_212510_86126f] agent.tool_executor: Tool terminal returned error (1.50s): {"output": "Traceback (most recent call last):\n  File \"/opt/hermes/.venv/bin/hermes\", line 10, in <module>\n    sys.exit(main())\n             ~~~~^^\n  File \"/opt/hermes/hermes_cli/main.py\", lin
